<?xml version="1.0" encoding="UTF-8"?><testsuite errors="0" failures="0" name=": yo como usuario de DemoQA" skipped="0" tests="5" time="269.88" timestamp="2024-10-06 11:42:28"><testcase name=": Completar campos del formulario"/><testcase name=": Seleccionar los apartados Note WorkSpace Office Word File"/><testcase name=": Seleccionar cualquier opcion disponible"/><testcase name=": crear un nuevo registro y validar cada uno de sus campos"/><testcase name=": Seguir las instrucciones de los botones"/></testsuite>