<?xml version="1.0" encoding="UTF-8"?><testsuite errors="0" failures="0" name=": yo como usuario de DemoQA" skipped="0" tests="5" time="225.9" timestamp="2024-10-07 12:12:24"><testcase name=": Completar campos del formulario"/><testcase name=": Seleccionar los apartados Note WorkSpace Office Word File"/><testcase name=": Seleccionar cualquier opcion disponible"/><testcase name=": crear un nuevo registro y validar cada uno de sus campos"/><testcase name=": Seguir las instrucciones de los botones"/></testsuite>